p = 19

Degree:0
Degree of P : 0.
[0]:0 
the order of y is 0.

Degree:1
Degree of P : 0.
[0]:1 
the order of y is 0.

Degree:2
Degree of P : 0.
[0]:2 
the order of y is 1.

Degree:3
Degree of P : 4.
[4]:3 [3]:0 [2]:12 [1]:12 [0]:15 
the order of y is 0.

Degree:4
Degree of P : 6.
[6]:4 [5]:0 [4]:2 [3]:4 [2]:15 [1]:6 [0]:12 
the order of y is 1.

Degree:5
Degree of P : 12.
[12]:5 [11]:0 [10]:10 [9]:0 [8]:17 [7]:5 [6]:1 [5]:9 [4]:12 [3]:2 [2]:5 [1]:8 [0]:8 
the order of y is 0.

Degree:6
Degree of P : 19.
[19]:7 [18]:0 [17]:3 [16]:8 [15]:4 [14]:7 [13]:16 [12]:15 [11]:2 [10]:4 [9]:14 [8]:3 [7]:14 [6]:18 [5]:17 [4]:7 [3]:18 [2]:5 [1]:0 [0]:3 
the order of y is 1.

Degree:7
Degree of P : 24.
[24]:7 [23]:0 [22]:8 [21]:11 [20]:2 [19]:4 [18]:11 [17]:0 [16]:14 [15]:18 [14]:12 [13]:2 [12]:16 [11]:3 [10]:16 [9]:17 [8]:10 [7]:11 [6]:3 [5]:7 [4]:18 [3]:4 [2]:3 [1]:3 [0]:3 
the order of y is 0.

Degree:8
Degree of P : 33.
[33]:12 [32]:0 [31]:4 [30]:0 [29]:5 [28]:13 [27]:4 [26]:0 [25]:6 [24]:11 [23]:17 [22]:11 [21]:6 [20]:9 [19]:9 [18]:0 [17]:17 [16]:0 [15]:6 [14]:7 [13]:17 [12]:11 [11]:9 [10]:14 [9]:11 [8]:17 [7]:12 [6]:2 [5]:1 [4]:17 [3]:4 [2]:6 [1]:11 [0]:14 
the order of y is 1.

Degree:9
Degree of P : 43.
[43]:11 [42]:0 [41]:15 [40]:2 [39]:15 [38]:15 [37]:11 [36]:13 [35]:11 [34]:12 [33]:9 [32]:10 [31]:10 [30]:2 [29]:10 [28]:2 [27]:10 [26]:8 [25]:5 [24]:7 [23]:1 [22]:1 [21]:10 [20]:1 [19]:9 [18]:7 [17]:10 [16]:12 [15]:12 [14]:6 [13]:12 [12]:2 [11]:14 [10]:9 [9]:11 [8]:10 [7]:1 [6]:11 [5]:13 [4]:18 [3]:8 [2]:18 [1]:12 [0]:12 
the order of y is 0.

Degree:10
Degree of P : 57.
[57]:3 [56]:0 [55]:13 [54]:11 [53]:17 [52]:8 [51]:15 [50]:8 [49]:11 [48]:8 [47]:14 [46]:10 [45]:6 [44]:9 [43]:9 [42]:1 [41]:18 [40]:4 [39]:10 [38]:11 [37]:18 [36]:0 [35]:12 [34]:7 [33]:11 [32]:2 [31]:8 [30]:0 [29]:1 [28]:15 [27]:0 [26]:18 [25]:8 [24]:4 [23]:11 [22]:7 [21]:2 [20]:7 [19]:0 [18]:12 [17]:14 [16]:13 [15]:4 [14]:8 [13]:8 [12]:8 [11]:10 [10]:16 [9]:3 [8]:2 [7]:14 [6]:11 [5]:2 [4]:13 [3]:9 [2]:12 [1]:14 [0]:10 
the order of y is 1.

