p = 19

Degree:0
Degree of P : 0.
[0]:0 
the order of y is 0.

Degree:1
Degree of P : 0.
[0]:1 
the order of y is 0.

Degree:2
Degree of P : 0.
[0]:2 
the order of y is 1.

Degree:3
Degree of P : 4.
[4]:3 [3]:0 [2]:12 [1]:12 [0]:15 
the order of y is 0.

Degree:4
Degree of P : 6.
[6]:4 [5]:0 [4]:2 [3]:4 [2]:15 [1]:6 [0]:12 
the order of y is 1.

Degree:5
Degree of P : 12.
[12]:5 [11]:0 [10]:10 [9]:0 [8]:17 [7]:5 [6]:1 [5]:9 [4]:12 [3]:2 [2]:5 [1]:8 [0]:8 
the order of y is 0.

Degree:6
Degree of P : 19.
[19]:7 [18]:0 [17]:3 [16]:8 [15]:4 [14]:7 [13]:16 [12]:15 [11]:2 [10]:4 [9]:14 [8]:3 [7]:14 [6]:18 [5]:17 [4]:7 [3]:18 [2]:5 [1]:0 [0]:3 
the order of y is 1.

Degree:7
Degree of P : 24.
[24]:7 [23]:0 [22]:8 [21]:11 [20]:2 [19]:4 [18]:11 [17]:0 [16]:14 [15]:18 [14]:12 [13]:2 [12]:16 [11]:3 [10]:16 [9]:17 [8]:10 [7]:11 [6]:3 [5]:7 [4]:18 [3]:4 [2]:3 [1]:3 [0]:3 
the order of y is 0.

Degree:8
Degree of P : 33.
[33]:12 [32]:0 [31]:4 [30]:0 [29]:5 [28]:13 [27]:4 [26]:0 [25]:6 [24]:11 [23]:17 [22]:11 [21]:6 [20]:9 [19]:9 [18]:0 [17]:17 [16]:0 [15]:6 [14]:7 [13]:17 [12]:11 [11]:9 [10]:14 [9]:11 [8]:17 [7]:12 [6]:2 [5]:1 [4]:17 [3]:4 [2]:6 [1]:11 [0]:14 
the order of y is 1.

Degree:9
Degree of P : 43.
[43]:11 [42]:0 [41]:15 [40]:2 [39]:15 [38]:15 [37]:11 [36]:13 [35]:11 [34]:12 [33]:9 [32]:10 [31]:10 [30]:2 [29]:10 [28]:2 [27]:10 [26]:8 [25]:5 [24]:7 [23]:1 [22]:1 [21]:10 [20]:1 [19]:9 [18]:7 [17]:10 [16]:12 [15]:12 [14]:6 [13]:12 [12]:2 [11]:14 [10]:9 [9]:11 [8]:10 [7]:1 [6]:11 [5]:13 [4]:18 [3]:8 [2]:18 [1]:12 [0]:12 
the order of y is 0.

Degree:10
Degree of P : 57.
[57]:3 [56]:0 [55]:13 [54]:11 [53]:17 [52]:8 [51]:15 [50]:8 [49]:11 [48]:8 [47]:14 [46]:10 [45]:6 [44]:9 [43]:9 [42]:1 [41]:18 [40]:4 [39]:10 [38]:11 [37]:18 [36]:0 [35]:12 [34]:7 [33]:11 [32]:2 [31]:8 [30]:0 [29]:1 [28]:15 [27]:0 [26]:18 [25]:8 [24]:4 [23]:11 [22]:7 [21]:2 [20]:7 [19]:0 [18]:12 [17]:14 [16]:13 [15]:4 [14]:8 [13]:8 [12]:8 [11]:10 [10]:16 [9]:3 [8]:2 [7]:14 [6]:11 [5]:2 [4]:13 [3]:9 [2]:12 [1]:14 [0]:10 
the order of y is 1.

Degree:11
Degree of P : 69.
[69]:15 [68]:0 [67]:4 [66]:15 [65]:11 [64]:6 [63]:4 [62]:6 [61]:12 [60]:12 [59]:0 [58]:15 [57]:15 [56]:6 [55]:12 [54]:9 [53]:3 [52]:3 [51]:2 [50]:6 [49]:6 [48]:11 [47]:2 [46]:4 [45]:17 [44]:11 [43]:1 [42]:13 [41]:14 [40]:7 [39]:0 [38]:17 [37]:4 [36]:1 [35]:2 [34]:17 [33]:9 [32]:5 [31]:18 [30]:4 [29]:18 [28]:12 [27]:11 [26]:7 [25]:8 [24]:6 [23]:5 [22]:11 [21]:2 [20]:18 [19]:17 [18]:4 [17]:10 [16]:10 [15]:0 [14]:17 [13]:6 [12]:11 [11]:7 [10]:7 [9]:8 [8]:12 [7]:5 [6]:7 [5]:3 [4]:10 [3]:5 [2]:11 [1]:12 [0]:15 
the order of y is 0.

Degree:12
Degree of P : 76.
[76]:5 [75]:0 [74]:3 [73]:1 [72]:5 [71]:15 [70]:4 [69]:13 [68]:2 [67]:11 [66]:12 [65]:1 [64]:3 [63]:15 [62]:10 [61]:10 [60]:4 [59]:1 [58]:10 [57]:0 [56]:5 [55]:16 [54]:7 [53]:6 [52]:1 [51]:6 [50]:11 [49]:2 [48]:3 [47]:16 [46]:17 [45]:17 [44]:4 [43]:14 [42]:11 [41]:0 [40]:15 [39]:18 [38]:7 [37]:0 [36]:7 [35]:16 [34]:2 [33]:5 [32]:18 [31]:5 [30]:10 [29]:1 [28]:18 [27]:11 [26]:18 [25]:5 [24]:9 [23]:10 [22]:7 [21]:5 [20]:8 [19]:17 [18]:12 [17]:3 [16]:0 [15]:6 [14]:7 [13]:1 [12]:15 [11]:9 [10]:14 [9]:9 [8]:18 [7]:0 [6]:3 [5]:4 [4]:9 [3]:2 [2]:1 [1]:14 [0]:4 
the order of y is 1.

Degree:13
Degree of P : 96.
[96]:12 [95]:0 [94]:5 [93]:0 [92]:6 [91]:14 [90]:18 [89]:14 [88]:10 [87]:3 [86]:9 [85]:6 [84]:5 [83]:6 [82]:17 [81]:13 [80]:15 [79]:18 [78]:13 [77]:4 [76]:7 [75]:13 [74]:8 [73]:15 [72]:0 [71]:10 [70]:18 [69]:10 [68]:11 [67]:5 [66]:11 [65]:8 [64]:14 [63]:13 [62]:0 [61]:1 [60]:1 [59]:15 [58]:8 [57]:12 [56]:3 [55]:14 [54]:1 [53]:14 [52]:12 [51]:18 [50]:1 [49]:12 [48]:11 [47]:6 [46]:6 [45]:3 [44]:13 [43]:13 [42]:1 [41]:4 [40]:1 [39]:14 [38]:7 [37]:16 [36]:11 [35]:2 [34]:6 [33]:7 [32]:17 [31]:16 [30]:17 [29]:17 [28]:5 [27]:16 [26]:1 [25]:15 [24]:16 [23]:16 [22]:18 [21]:16 [20]:7 [19]:9 [18]:12 [17]:18 [16]:10 [15]:17 [14]:17 [13]:3 [12]:0 [11]:11 [10]:0 [9]:6 [8]:14 [7]:3 [6]:7 [5]:14 [4]:15 [3]:16 [2]:13 [1]:14 [0]:10 
the order of y is 0.

Degree:14
Degree of P : 108.
[108]:15 [107]:0 [106]:1 [105]:13 [104]:9 [103]:8 [102]:7 [101]:1 [100]:6 [99]:4 [98]:4 [97]:17 [96]:14 [95]:14 [94]:12 [93]:10 [92]:14 [91]:12 [90]:0 [89]:12 [88]:11 [87]:4 [86]:18 [85]:8 [84]:15 [83]:0 [82]:14 [81]:10 [80]:12 [79]:16 [78]:8 [77]:6 [76]:10 [75]:5 [74]:6 [73]:15 [72]:3 [71]:16 [70]:2 [69]:11 [68]:1 [67]:4 [66]:0 [65]:12 [64]:18 [63]:15 [62]:6 [61]:16 [60]:14 [59]:1 [58]:10 [57]:18 [56]:17 [55]:18 [54]:18 [53]:12 [52]:5 [51]:17 [50]:18 [49]:6 [48]:6 [47]:2 [46]:6 [45]:0 [44]:14 [43]:17 [42]:14 [41]:1 [40]:16 [39]:18 [38]:4 [37]:15 [36]:8 [35]:15 [34]:6 [33]:7 [32]:16 [31]:1 [30]:0 [29]:16 [28]:16 [27]:17 [26]:4 [25]:17 [24]:16 [23]:11 [22]:11 [21]:16 [20]:16 [19]:16 [18]:4 [17]:13 [16]:6 [15]:10 [14]:18 [13]:8 [12]:5 [11]:0 [10]:16 [9]:0 [8]:17 [7]:15 [6]:1 [5]:12 [4]:15 [3]:15 [2]:12 [1]:8 [0]:14 
the order of y is 1.

Degree:15
Degree of P : 124.
[124]:7 [123]:0 [122]:0 [121]:3 [120]:18 [119]:18 [118]:2 [117]:10 [116]:1 [115]:2 [114]:8 [113]:8 [112]:5 [111]:14 [110]:12 [109]:9 [108]:6 [107]:0 [106]:14 [105]:8 [104]:10 [103]:4 [102]:10 [101]:2 [100]:8 [99]:6 [98]:13 [97]:8 [96]:2 [95]:9 [94]:13 [93]:5 [92]:15 [91]:6 [90]:7 [89]:1 [88]:8 [87]:3 [86]:16 [85]:15 [84]:5 [83]:18 [82]:2 [81]:18 [80]:2 [79]:0 [78]:12 [77]:5 [76]:7 [75]:9 [74]:14 [73]:3 [72]:11 [71]:7 [70]:3 [69]:10 [68]:3 [67]:10 [66]:8 [65]:5 [64]:16 [63]:15 [62]:18 [61]:15 [60]:2 [59]:2 [58]:11 [57]:4 [56]:18 [55]:8 [54]:17 [53]:11 [52]:0 [51]:12 [50]:12 [49]:6 [48]:18 [47]:16 [46]:7 [45]:7 [44]:3 [43]:8 [42]:11 [41]:6 [40]:0 [39]:13 [38]:10 [37]:14 [36]:2 [35]:18 [34]:4 [33]:6 [32]:10 [31]:3 [30]:6 [29]:0 [28]:3 [27]:6 [26]:16 [25]:10 [24]:1 [23]:9 [22]:3 [21]:11 [20]:6 [19]:15 [18]:16 [17]:18 [16]:2 [15]:16 [14]:8 [13]:15 [12]:15 [11]:11 [10]:3 [9]:13 [8]:2 [7]:7 [6]:8 [5]:6 [4]:7 [3]:10 [2]:7 [1]:17 [0]:15 
the order of y is 0.

Degree:16
Degree of P : 138.
[138]:18 [137]:0 [136]:9 [135]:3 [134]:12 [133]:9 [132]:13 [131]:15 [130]:13 [129]:0 [128]:13 [127]:16 [126]:14 [125]:6 [124]:18 [123]:2 [122]:17 [121]:6 [120]:4 [119]:12 [118]:10 [117]:8 [116]:5 [115]:4 [114]:3 [113]:5 [112]:3 [111]:12 [110]:15 [109]:12 [108]:8 [107]:2 [106]:18 [105]:6 [104]:15 [103]:4 [102]:11 [101]:15 [100]:3 [99]:11 [98]:9 [97]:10 [96]:1 [95]:4 [94]:16 [93]:13 [92]:4 [91]:9 [90]:0 [89]:4 [88]:14 [87]:8 [86]:11 [85]:3 [84]:3 [83]:0 [82]:14 [81]:7 [80]:7 [79]:17 [78]:6 [77]:14 [76]:15 [75]:13 [74]:2 [73]:5 [72]:0 [71]:1 [70]:5 [69]:18 [68]:11 [67]:5 [66]:9 [65]:11 [64]:0 [63]:12 [62]:0 [61]:2 [60]:16 [59]:16 [58]:1 [57]:17 [56]:8 [55]:15 [54]:18 [53]:16 [52]:4 [51]:12 [50]:1 [49]:17 [48]:12 [47]:8 [46]:18 [45]:13 [44]:14 [43]:9 [42]:8 [41]:4 [40]:2 [39]:16 [38]:13 [37]:0 [36]:17 [35]:8 [34]:15 [33]:18 [32]:14 [31]:16 [30]:4 [29]:18 [28]:4 [27]:11 [26]:0 [25]:17 [24]:16 [23]:13 [22]:3 [21]:0 [20]:8 [19]:8 [18]:4 [17]:8 [16]:18 [15]:10 [14]:13 [13]:14 [12]:13 [11]:0 [10]:14 [9]:7 [8]:18 [7]:18 [6]:15 [5]:11 [4]:15 [3]:17 [2]:13 [1]:8 [0]:0 
the order of y is 1.

Degree:17
Degree of P : 162.
[162]:16 [161]:0 [160]:10 [159]:2 [158]:8 [157]:2 [156]:12 [155]:18 [154]:1 [153]:18 [152]:3 [151]:4 [150]:17 [149]:8 [148]:8 [147]:12 [146]:18 [145]:10 [144]:6 [143]:3 [142]:7 [141]:7 [140]:17 [139]:4 [138]:5 [137]:2 [136]:3 [135]:16 [134]:16 [133]:16 [132]:3 [131]:2 [130]:8 [129]:14 [128]:9 [127]:9 [126]:15 [125]:8 [124]:7 [123]:2 [122]:16 [121]:7 [120]:9 [119]:18 [118]:8 [117]:12 [116]:3 [115]:5 [114]:3 [113]:9 [112]:6 [111]:10 [110]:2 [109]:15 [108]:13 [107]:3 [106]:5 [105]:1 [104]:5 [103]:5 [102]:10 [101]:15 [100]:2 [99]:15 [98]:16 [97]:13 [96]:13 [95]:14 [94]:6 [93]:12 [92]:12 [91]:18 [90]:16 [89]:18 [88]:1 [87]:16 [86]:16 [85]:11 [84]:0 [83]:16 [82]:3 [81]:7 [80]:4 [79]:1 [78]:9 [77]:7 [76]:15 [75]:17 [74]:1 [73]:11 [72]:3 [71]:3 [70]:17 [69]:15 [68]:3 [67]:15 [66]:13 [65]:17 [64]:12 [63]:7 [62]:14 [61]:16 [60]:9 [59]:6 [58]:13 [57]:3 [56]:4 [55]:2 [54]:0 [53]:15 [52]:7 [51]:3 [50]:14 [49]:17 [48]:13 [47]:15 [46]:12 [45]:10 [44]:16 [43]:5 [42]:15 [41]:7 [40]:18 [39]:1 [38]:1 [37]:5 [36]:11 [35]:4 [34]:4 [33]:1 [32]:4 [31]:16 [30]:2 [29]:12 [28]:13 [27]:16 [26]:8 [25]:17 [24]:9 [23]:4 [22]:7 [21]:10 [20]:15 [19]:16 [18]:4 [17]:5 [16]:6 [15]:5 [14]:1 [13]:4 [12]:1 [11]:13 [10]:12 [9]:11 [8]:4 [7]:5 [6]:16 [5]:8 [4]:11 [3]:11 [2]:2 [1]:11 [0]:7 
the order of y is 0.

Degree:18
Degree of P : 184.
[184]:5 [183]:0 [182]:5 [181]:6 [180]:13 [179]:15 [178]:14 [177]:18 [176]:6 [175]:4 [174]:16 [173]:10 [172]:13 [171]:16 [170]:4 [169]:10 [168]:9 [167]:9 [166]:18 [165]:0 [164]:18 [163]:7 [162]:17 [161]:5 [160]:1 [159]:7 [158]:17 [157]:17 [156]:4 [155]:15 [154]:9 [153]:17 [152]:1 [151]:14 [150]:17 [149]:7 [148]:5 [147]:0 [146]:6 [145]:14 [144]:13 [143]:16 [142]:10 [141]:14 [140]:13 [139]:5 [138]:18 [137]:3 [136]:7 [135]:5 [134]:16 [133]:18 [132]:13 [131]:16 [130]:9 [129]:8 [128]:16 [127]:8 [126]:14 [125]:6 [124]:6 [123]:1 [122]:5 [121]:4 [120]:13 [119]:7 [118]:2 [117]:15 [116]:2 [115]:17 [114]:6 [113]:8 [112]:18 [111]:17 [110]:1 [109]:10 [108]:12 [107]:0 [106]:9 [105]:16 [104]:10 [103]:3 [102]:14 [101]:3 [100]:13 [99]:9 [98]:2 [97]:12 [96]:17 [95]:11 [94]:11 [93]:1 [92]:17 [91]:17 [90]:14 [89]:11 [88]:2 [87]:18 [86]:5 [85]:17 [84]:6 [83]:14 [82]:8 [81]:14 [80]:8 [79]:12 [78]:11 [77]:3 [76]:5 [75]:1 [74]:2 [73]:12 [72]:17 [71]:4 [70]:9 [69]:10 [68]:13 [67]:14 [66]:17 [65]:11 [64]:5 [63]:14 [62]:13 [61]:13 [60]:13 [59]:10 [58]:4 [57]:4 [56]:13 [55]:7 [54]:15 [53]:7 [52]:0 [51]:1 [50]:9 [49]:17 [48]:8 [47]:10 [46]:13 [45]:15 [44]:4 [43]:10 [42]:5 [41]:12 [40]:1 [39]:13 [38]:6 [37]:16 [36]:18 [35]:16 [34]:9 [33]:4 [32]:5 [31]:14 [30]:12 [29]:12 [28]:4 [27]:13 [26]:6 [25]:7 [24]:8 [23]:16 [22]:2 [21]:17 [20]:9 [19]:6 [18]:17 [17]:7 [16]:2 [15]:9 [14]:13 [13]:3 [12]:18 [11]:6 [10]:8 [9]:4 [8]:5 [7]:1 [6]:17 [5]:0 [4]:17 [3]:18 [2]:16 [1]:14 [0]:13 
the order of y is 1.

Degree:19
Degree of P : 210.
[210]:18 [209]:0 [208]:8 [207]:6 [206]:15 [205]:12 [204]:14 [203]:2 [202]:6 [201]:16 [200]:7 [199]:6 [198]:4 [197]:18 [196]:11 [195]:5 [194]:13 [193]:1 [192]:5 [191]:13 [190]:17 [189]:17 [188]:5 [187]:0 [186]:8 [185]:17 [184]:2 [183]:5 [182]:16 [181]:7 [180]:11 [179]:14 [178]:17 [177]:11 [176]:15 [175]:15 [174]:9 [173]:8 [172]:4 [171]:17 [170]:18 [169]:11 [168]:3 [167]:6 [166]:3 [165]:10 [164]:16 [163]:5 [162]:7 [161]:16 [160]:14 [159]:11 [158]:3 [157]:0 [156]:12 [155]:12 [154]:1 [153]:8 [152]:0 [151]:8 [150]:16 [149]:3 [148]:10 [147]:14 [146]:15 [145]:8 [144]:7 [143]:2 [142]:1 [141]:1 [140]:15 [139]:2 [138]:5 [137]:3 [136]:7 [135]:13 [134]:18 [133]:8 [132]:11 [131]:1 [130]:7 [129]:10 [128]:13 [127]:10 [126]:5 [125]:1 [124]:17 [123]:9 [122]:3 [121]:10 [120]:2 [119]:10 [118]:1 [117]:4 [116]:13 [115]:13 [114]:11 [113]:17 [112]:10 [111]:12 [110]:11 [109]:11 [108]:16 [107]:4 [106]:16 [105]:7 [104]:16 [103]:10 [102]:3 [101]:0 [100]:0 [99]:1 [98]:6 [97]:0 [96]:15 [95]:14 [94]:4 [93]:17 [92]:16 [91]:14 [90]:2 [89]:11 [88]:10 [87]:9 [86]:10 [85]:1 [84]:9 [83]:18 [82]:15 [81]:13 [80]:9 [79]:18 [78]:0 [77]:8 [76]:6 [75]:14 [74]:16 [73]:6 [72]:12 [71]:12 [70]:0 [69]:5 [68]:6 [67]:14 [66]:17 [65]:6 [64]:7 [63]:7 [62]:0 [61]:9 [60]:6 [59]:4 [58]:16 [57]:15 [56]:10 [55]:3 [54]:17 [53]:12 [52]:7 [51]:10 [50]:3 [49]:17 [48]:5 [47]:9 [46]:17 [45]:18 [44]:11 [43]:2 [42]:3 [41]:17 [40]:6 [39]:10 [38]:18 [37]:9 [36]:16 [35]:9 [34]:5 [33]:9 [32]:9 [31]:18 [30]:16 [29]:18 [28]:6 [27]:17 [26]:1 [25]:10 [24]:16 [23]:0 [22]:5 [21]:12 [20]:9 [19]:0 [18]:6 [17]:18 [16]:16 [15]:4 [14]:2 [13]:10 [12]:14 [11]:7 [10]:5 [9]:9 [8]:3 [7]:16 [6]:0 [5]:13 [4]:8 [3]:16 [2]:7 [1]:18 [0]:7 
the order of y is 0.

Degree:20
Degree of P : 228.
[228]:16 [227]:0 [226]:11 [225]:2 [224]:11 [223]:2 [222]:6 [221]:9 [220]:3 [219]:3 [218]:14 [217]:18 [216]:15 [215]:4 [214]:1 [213]:12 [212]:9 [211]:3 [210]:8 [209]:13 [208]:9 [207]:8 [206]:15 [205]:12 [204]:13 [203]:17 [202]:6 [201]:1 [200]:11 [199]:4 [198]:7 [197]:0 [196]:7 [195]:1 [194]:15 [193]:13 [192]:17 [191]:7 [190]:2 [189]:0 [188]:16 [187]:18 [186]:15 [185]:5 [184]:2 [183]:9 [182]:18 [181]:6 [180]:6 [179]:10 [178]:6 [177]:11 [176]:4 [175]:8 [174]:13 [173]:5 [172]:18 [171]:14 [170]:6 [169]:9 [168]:11 [167]:3 [166]:3 [165]:8 [164]:18 [163]:1 [162]:11 [161]:12 [160]:1 [159]:6 [158]:12 [157]:3 [156]:2 [155]:10 [154]:5 [153]:12 [152]:0 [151]:0 [150]:2 [149]:18 [148]:6 [147]:16 [146]:15 [145]:13 [144]:14 [143]:12 [142]:8 [141]:7 [140]:13 [139]:8 [138]:5 [137]:2 [136]:18 [135]:9 [134]:14 [133]:4 [132]:4 [131]:4 [130]:14 [129]:4 [128]:10 [127]:10 [126]:17 [125]:12 [124]:0 [123]:2 [122]:10 [121]:16 [120]:2 [119]:0 [118]:8 [117]:17 [116]:5 [115]:1 [114]:2 [113]:10 [112]:14 [111]:1 [110]:3 [109]:9 [108]:17 [107]:18 [106]:4 [105]:8 [104]:11 [103]:0 [102]:1 [101]:15 [100]:6 [99]:18 [98]:3 [97]:8 [96]:7 [95]:9 [94]:15 [93]:5 [92]:13 [91]:1 [90]:2 [89]:13 [88]:14 [87]:4 [86]:16 [85]:5 [84]:1 [83]:13 [82]:1 [81]:5 [80]:6 [79]:18 [78]:4 [77]:11 [76]:11 [75]:0 [74]:17 [73]:0 [72]:6 [71]:3 [70]:5 [69]:17 [68]:8 [67]:15 [66]:7 [65]:1 [64]:3 [63]:13 [62]:5 [61]:6 [60]:9 [59]:12 [58]:6 [57]:12 [56]:17 [55]:1 [54]:16 [53]:11 [52]:10 [51]:1 [50]:17 [49]:4 [48]:12 [47]:8 [46]:0 [45]:14 [44]:14 [43]:15 [42]:15 [41]:10 [40]:1 [39]:18 [38]:14 [37]:1 [36]:9 [35]:9 [34]:7 [33]:2 [32]:11 [31]:10 [30]:11 [29]:9 [28]:4 [27]:6 [26]:18 [25]:15 [24]:12 [23]:7 [22]:18 [21]:13 [20]:13 [19]:14 [18]:17 [17]:1 [16]:4 [15]:2 [14]:9 [13]:12 [12]:7 [11]:13 [10]:17 [9]:7 [8]:2 [7]:3 [6]:10 [5]:1 [4]:16 [3]:14 [2]:4 [1]:14 [0]:12 
the order of y is 1.

Degree:21
Degree of P : 253.
[253]:2 [252]:0 [251]:1 [250]:16 [249]:10 [248]:5 [247]:9 [246]:7 [245]:18 [244]:0 [243]:18 [242]:16 [241]:18 [240]:5 [239]:4 [238]:1 [237]:7 [236]:5 [235]:10 [234]:14 [233]:0 [232]:4 [231]:9 [230]:13 [229]:13 [228]:10 [227]:11 [226]:12 [225]:16 [224]:0 [223]:15 [222]:5 [221]:6 [220]:14 [219]:9 [218]:13 [217]:12 [216]:17 [215]:4 [214]:18 [213]:6 [212]:14 [211]:17 [210]:12 [209]:15 [208]:0 [207]:18 [206]:8 [205]:9 [204]:2 [203]:6 [202]:0 [201]:16 [200]:1 [199]:10 [198]:9 [197]:6 [196]:6 [195]:10 [194]:11 [193]:3 [192]:7 [191]:0 [190]:15 [189]:7 [188]:6 [187]:11 [186]:13 [185]:9 [184]:16 [183]:12 [182]:4 [181]:8 [180]:6 [179]:0 [178]:10 [177]:0 [176]:7 [175]:4 [174]:5 [173]:18 [172]:1 [171]:14 [170]:5 [169]:11 [168]:15 [167]:16 [166]:4 [165]:3 [164]:12 [163]:1 [162]:8 [161]:4 [160]:1 [159]:18 [158]:11 [157]:2 [156]:0 [155]:13 [154]:13 [153]:14 [152]:12 [151]:13 [150]:3 [149]:1 [148]:9 [147]:17 [146]:9 [145]:6 [144]:11 [143]:14 [142]:10 [141]:17 [140]:14 [139]:10 [138]:4 [137]:1 [136]:10 [135]:11 [134]:13 [133]:14 [132]:7 [131]:18 [130]:17 [129]:15 [128]:6 [127]:14 [126]:8 [125]:1 [124]:2 [123]:9 [122]:13 [121]:5 [120]:12 [119]:0 [118]:3 [117]:1 [116]:10 [115]:10 [114]:16 [113]:1 [112]:2 [111]:14 [110]:4 [109]:0 [108]:12 [107]:18 [106]:11 [105]:2 [104]:0 [103]:3 [102]:6 [101]:3 [100]:10 [99]:5 [98]:17 [97]:18 [96]:3 [95]:6 [94]:1 [93]:15 [92]:2 [91]:11 [90]:13 [89]:2 [88]:13 [87]:4 [86]:16 [85]:6 [84]:1 [83]:11 [82]:16 [81]:7 [80]:12 [79]:6 [78]:14 [77]:7 [76]:5 [75]:14 [74]:15 [73]:17 [72]:8 [71]:12 [70]:18 [69]:4 [68]:0 [67]:16 [66]:15 [65]:18 [64]:8 [63]:11 [62]:2 [61]:9 [60]:17 [59]:6 [58]:13 [57]:7 [56]:6 [55]:13 [54]:4 [53]:1 [52]:15 [51]:1 [50]:12 [49]:11 [48]:3 [47]:1 [46]:11 [45]:9 [44]:9 [43]:8 [42]:12 [41]:0 [40]:2 [39]:8 [38]:1 [37]:13 [36]:9 [35]:15 [34]:13 [33]:0 [32]:14 [31]:13 [30]:12 [29]:6 [28]:12 [27]:14 [26]:18 [25]:5 [24]:2 [23]:7 [22]:7 [21]:12 [20]:16 [19]:3 [18]:10 [17]:17 [16]:11 [15]:1 [14]:6 [13]:15 [12]:10 [11]:17 [10]:3 [9]:0 [8]:13 [7]:11 [6]:0 [5]:16 [4]:0 [3]:14 [2]:4 [1]:15 [0]:18 
the order of y is 0.

Degree:22
Degree of P : 282.
[282]:12 [281]:0 [280]:7 [279]:17 [278]:13 [277]:17 [276]:18 [275]:11 [274]:4 [273]:4 [272]:9 [271]:17 [270]:14 [269]:4 [268]:16 [267]:6 [266]:7 [265]:12 [264]:13 [263]:10 [262]:13 [261]:12 [260]:10 [259]:11 [258]:10 [257]:5 [256]:3 [255]:14 [254]:0 [253]:8 [252]:6 [251]:3 [250]:8 [249]:8 [248]:11 [247]:8 [246]:16 [245]:3 [244]:8 [243]:9 [242]:12 [241]:1 [240]:8 [239]:6 [238]:7 [237]:15 [236]:9 [235]:2 [234]:2 [233]:14 [232]:8 [231]:4 [230]:17 [229]:3 [228]:13 [227]:14 [226]:0 [225]:16 [224]:14 [223]:17 [222]:17 [221]:17 [220]:8 [219]:3 [218]:14 [217]:0 [216]:17 [215]:3 [214]:13 [213]:11 [212]:18 [211]:12 [210]:16 [209]:17 [208]:5 [207]:7 [206]:9 [205]:9 [204]:9 [203]:17 [202]:10 [201]:14 [200]:9 [199]:2 [198]:2 [197]:17 [196]:16 [195]:14 [194]:17 [193]:9 [192]:3 [191]:14 [190]:13 [189]:12 [188]:10 [187]:10 [186]:17 [185]:12 [184]:9 [183]:5 [182]:1 [181]:16 [180]:15 [179]:9 [178]:10 [177]:5 [176]:11 [175]:9 [174]:5 [173]:9 [172]:12 [171]:12 [170]:11 [169]:5 [168]:2 [167]:0 [166]:16 [165]:18 [164]:11 [163]:3 [162]:1 [161]:16 [160]:15 [159]:15 [158]:13 [157]:18 [156]:18 [155]:2 [154]:14 [153]:7 [152]:15 [151]:16 [150]:14 [149]:15 [148]:0 [147]:14 [146]:16 [145]:17 [144]:9 [143]:13 [142]:15 [141]:6 [140]:3 [139]:16 [138]:4 [137]:13 [136]:12 [135]:5 [134]:8 [133]:0 [132]:16 [131]:1 [130]:0 [129]:13 [128]:8 [127]:4 [126]:1 [125]:15 [124]:10 [123]:3 [122]:1 [121]:3 [120]:6 [119]:8 [118]:7 [117]:8 [116]:8 [115]:16 [114]:11 [113]:10 [112]:1 [111]:14 [110]:8 [109]:9 [108]:2 [107]:9 [106]:1 [105]:18 [104]:15 [103]:0 [102]:8 [101]:13 [100]:7 [99]:8 [98]:18 [97]:14 [96]:12 [95]:10 [94]:4 [93]:0 [92]:3 [91]:4 [90]:8 [89]:4 [88]:15 [87]:1 [86]:13 [85]:13 [84]:1 [83]:0 [82]:14 [81]:5 [80]:5 [79]:5 [78]:16 [77]:17 [76]:1 [75]:6 [74]:11 [73]:14 [72]:0 [71]:0 [70]:10 [69]:13 [68]:7 [67]:8 [66]:10 [65]:1 [64]:12 [63]:11 [62]:8 [61]:4 [60]:15 [59]:18 [58]:0 [57]:16 [56]:7 [55]:5 [54]:6 [53]:0 [52]:15 [51]:3 [50]:16 [49]:17 [48]:14 [47]:16 [46]:8 [45]:6 [44]:15 [43]:16 [42]:16 [41]:13 [40]:10 [39]:11 [38]:2 [37]:3 [36]:0 [35]:3 [34]:0 [33]:1 [32]:5 [31]:7 [30]:16 [29]:9 [28]:8 [27]:12 [26]:8 [25]:7 [24]:10 [23]:2 [22]:2 [21]:9 [20]:11 [19]:2 [18]:10 [17]:14 [16]:5 [15]:9 [14]:4 [13]:16 [12]:12 [11]:17 [10]:2 [9]:10 [8]:16 [7]:2 [6]:14 [5]:12 [4]:11 [3]:7 [2]:13 [1]:12 [0]:18 
the order of y is 1.

Degree:23
Degree of P : 303.
[303]:11 [302]:0 [301]:8 [300]:14 [299]:10 [298]:14 [297]:17 [296]:6 [295]:10 [294]:9 [293]:7 [292]:12 [291]:13 [290]:12 [289]:0 [288]:10 [287]:7 [286]:1 [285]:2 [284]:18 [283]:18 [282]:9 [281]:16 [280]:14 [279]:9 [278]:16 [277]:18 [276]:2 [275]:0 [274]:12 [273]:9 [272]:14 [271]:15 [270]:2 [269]:2 [268]:7 [267]:5 [266]:0 [265]:18 [264]:6 [263]:10 [262]:18 [261]:3 [260]:13 [259]:0 [258]:10 [257]:1 [256]:16 [255]:9 [254]:18 [253]:15 [252]:12 [251]:14 [250]:13 [249]:10 [248]:17 [247]:6 [246]:9 [245]:8 [244]:15 [243]:18 [242]:13 [241]:11 [240]:7 [239]:11 [238]:15 [237]:14 [236]:1 [235]:7 [234]:3 [233]:13 [232]:5 [231]:5 [230]:0 [229]:4 [228]:5 [227]:17 [226]:2 [225]:10 [224]:2 [223]:0 [222]:17 [221]:16 [220]:1 [219]:7 [218]:8 [217]:15 [216]:1 [215]:13 [214]:12 [213]:10 [212]:4 [211]:15 [210]:4 [209]:4 [208]:8 [207]:9 [206]:17 [205]:16 [204]:9 [203]:2 [202]:2 [201]:7 [200]:18 [199]:15 [198]:15 [197]:13 [196]:13 [195]:11 [194]:0 [193]:5 [192]:16 [191]:0 [190]:15 [189]:6 [188]:13 [187]:6 [186]:16 [185]:6 [184]:16 [183]:6 [182]:15 [181]:8 [180]:7 [179]:6 [178]:11 [177]:5 [176]:15 [175]:0 [174]:14 [173]:2 [172]:12 [171]:18 [170]:6 [169]:15 [168]:13 [167]:4 [166]:10 [165]:9 [164]:2 [163]:6 [162]:13 [161]:14 [160]:10 [159]:2 [158]:7 [157]:17 [156]:9 [155]:17 [154]:11 [153]:4 [152]:17 [151]:14 [150]:14 [149]:11 [148]:4 [147]:15 [146]:14 [145]:13 [144]:13 [143]:11 [142]:5 [141]:9 [140]:6 [139]:17 [138]:13 [137]:1 [136]:17 [135]:15 [134]:16 [133]:9 [132]:17 [131]:4 [130]:18 [129]:12 [128]:7 [127]:18 [126]:1 [125]:15 [124]:15 [123]:2 [122]:9 [121]:1 [120]:15 [119]:1 [118]:10 [117]:15 [116]:11 [115]:18 [114]:3 [113]:6 [112]:2 [111]:5 [110]:1 [109]:7 [108]:14 [107]:15 [106]:1 [105]:17 [104]:15 [103]:18 [102]:16 [101]:1 [100]:4 [99]:6 [98]:4 [97]:15 [96]:3 [95]:5 [94]:5 [93]:18 [92]:17 [91]:8 [90]:3 [89]:13 [88]:15 [87]:12 [86]:5 [85]:2 [84]:8 [83]:12 [82]:4 [81]:12 [80]:12 [79]:9 [78]:13 [77]:10 [76]:0 [75]:0 [74]:17 [73]:0 [72]:5 [71]:12 [70]:3 [69]:18 [68]:14 [67]:5 [66]:2 [65]:8 [64]:6 [63]:6 [62]:1 [61]:4 [60]:4 [59]:8 [58]:17 [57]:5 [56]:12 [55]:11 [54]:0 [53]:14 [52]:11 [51]:18 [50]:5 [49]:7 [48]:10 [47]:2 [46]:15 [45]:14 [44]:0 [43]:10 [42]:12 [41]:8 [40]:10 [39]:1 [38]:13 [37]:10 [36]:13 [35]:16 [34]:4 [33]:16 [32]:14 [31]:14 [30]:2 [29]:5 [28]:9 [27]:13 [26]:3 [25]:7 [24]:17 [23]:14 [22]:9 [21]:4 [20]:13 [19]:6 [18]:6 [17]:4 [16]:3 [15]:11 [14]:12 [13]:17 [12]:16 [11]:1 [10]:7 [9]:5 [8]:2 [7]:4 [6]:7 [5]:11 [4]:11 [3]:0 [2]:4 [1]:8 [0]:12 
the order of y is 0.

Degree:24
Degree of P : 325.
[325]:3 [324]:0 [323]:4 [322]:15 [321]:7 [320]:13 [319]:12 [318]:12 [317]:8 [316]:3 [315]:11 [314]:3 [313]:5 [312]:10 [311]:5 [310]:16 [309]:12 [308]:6 [307]:1 [306]:0 [305]:3 [304]:17 [303]:12 [302]:4 [301]:15 [300]:17 [299]:18 [298]:16 [297]:6 [296]:3 [295]:6 [294]:6 [293]:16 [292]:6 [291]:11 [290]:8 [289]:14 [288]:15 [287]:10 [286]:15 [285]:14 [284]:6 [283]:3 [282]:6 [281]:5 [280]:4 [279]:14 [278]:8 [277]:0 [276]:15 [275]:0 [274]:12 [273]:14 [272]:0 [271]:11 [270]:10 [269]:15 [268]:4 [267]:17 [266]:4 [265]:18 [264]:2 [263]:9 [262]:3 [261]:14 [260]:1 [259]:16 [258]:4 [257]:10 [256]:15 [255]:17 [254]:10 [253]:1 [252]:3 [251]:11 [250]:1 [249]:8 [248]:14 [247]:12 [246]:4 [245]:17 [244]:12 [243]:6 [242]:1 [241]:7 [240]:11 [239]:1 [238]:13 [237]:3 [236]:10 [235]:1 [234]:7 [233]:15 [232]:3 [231]:14 [230]:8 [229]:8 [228]:1 [227]:0 [226]:8 [225]:3 [224]:1 [223]:18 [222]:12 [221]:3 [220]:4 [219]:1 [218]:4 [217]:7 [216]:6 [215]:6 [214]:18 [213]:8 [212]:17 [211]:15 [210]:7 [209]:10 [208]:8 [207]:10 [206]:17 [205]:6 [204]:2 [203]:0 [202]:2 [201]:3 [200]:8 [199]:18 [198]:10 [197]:16 [196]:12 [195]:13 [194]:16 [193]:9 [192]:6 [191]:17 [190]:8 [189]:11 [188]:13 [187]:11 [186]:15 [185]:15 [184]:11 [183]:13 [182]:8 [181]:0 [180]:16 [179]:10 [178]:6 [177]:15 [176]:8 [175]:5 [174]:15 [173]:10 [172]:8 [171]:8 [170]:6 [169]:15 [168]:4 [167]:15 [166]:2 [165]:0 [164]:17 [163]:17 [162]:12 [161]:0 [160]:2 [159]:7 [158]:5 [157]:0 [156]:16 [155]:6 [154]:12 [153]:1 [152]:6 [151]:1 [150]:0 [149]:2 [148]:0 [147]:6 [146]:18 [145]:9 [144]:14 [143]:12 [142]:9 [141]:15 [140]:9 [139]:17 [138]:4 [137]:13 [136]:10 [135]:12 [134]:12 [133]:17 [132]:6 [131]:17 [130]:8 [129]:14 [128]:9 [127]:4 [126]:3 [125]:2 [124]:7 [123]:9 [122]:4 [121]:10 [120]:11 [119]:11 [118]:15 [117]:1 [116]:4 [115]:9 [114]:4 [113]:11 [112]:6 [111]:8 [110]:9 [109]:0 [108]:18 [107]:6 [106]:3 [105]:4 [104]:17 [103]:9 [102]:5 [101]:8 [100]:9 [99]:7 [98]:8 [97]:15 [96]:4 [95]:3 [94]:14 [93]:8 [92]:1 [91]:10 [90]:7 [89]:7 [88]:7 [87]:11 [86]:2 [85]:7 [84]:15 [83]:1 [82]:0 [81]:2 [80]:8 [79]:18 [78]:2 [77]:4 [76]:6 [75]:17 [74]:17 [73]:6 [72]:2 [71]:8 [70]:10 [69]:5 [68]:10 [67]:5 [66]:8 [65]:2 [64]:8 [63]:13 [62]:1 [61]:8 [60]:17 [59]:1 [58]:16 [57]:3 [56]:11 [55]:0 [54]:12 [53]:1 [52]:0 [51]:1 [50]:16 [49]:10 [48]:7 [47]:17 [46]:4 [45]:16 [44]:11 [43]:0 [42]:0 [41]:15 [40]:5 [39]:10 [38]:18 [37]:15 [36]:1 [35]:3 [34]:7 [33]:8 [32]:4 [31]:4 [30]:9 [29]:12 [28]:4 [27]:7 [26]:10 [25]:3 [24]:12 [23]:11 [22]:1 [21]:6 [20]:17 [19]:9 [18]:8 [17]:0 [16]:11 [15]:11 [14]:12 [13]:9 [12]:16 [11]:7 [10]:5 [9]:16 [8]:7 [7]:13 [6]:13 [5]:5 [4]:15 [3]:15 [2]:3 [1]:0 [0]:6 
the order of y is 1.

